Possible labels - KNN: ['other']
Possible labels: ['other']
Possible labels - KNN: ['animal', 'art', 'bible', 'biography', 'children', 'christianity', 'church', 'collection', 'cooking', 'correspondence', 'crime', 'detective stories', 'drama', 'education', 'encyclopedia', 'england', 'essay', 'ethics', 'fairy tales', 'fantasy', 'fiction', 'folklore', 'great britain', 'historical fiction', 'history', 'humor', 'juvenile', 'language', 'legends', 'life', 'love stories', 'medicine', 'music', 'mystery', 'north america', 'other', 'periodicals', 'philosophy', 'poetry', 'politics', 'religion', 'romance', 'science', 'science fiction', 'sex', 'short stories', 'social', 'translation', 'travel', 'united states', 'war', 'western']
Possible labels - KNN: ['animal', 'art', 'bible', 'biography', 'children', 'christianity', 'church', 'collection', 'cooking', 'correspondence', 'crime', 'detective stories', 'drama', 'education', 'encyclopedia', 'england', 'essay', 'ethics', 'fairy tales', 'fantasy', 'fiction', 'folklore', 'great britain', 'historical fiction', 'history', 'humor', 'juvenile', 'language', 'legends', 'life', 'love stories', 'medicine', 'music', 'mystery', 'north america', 'other', 'periodicals', 'philosophy', 'poetry', 'politics', 'religion', 'romance', 'science', 'science fiction', 'sex', 'short stories', 'social', 'translation', 'travel', 'united states', 'war', 'western']
Training kmeans...
Possible labels - KNN: ['animal', 'art', 'bible', 'biography', 'children', 'christianity', 'church', 'collection', 'cooking', 'correspondence', 'crime', 'detective stories', 'drama', 'education', 'encyclopedia', 'england', 'essay', 'ethics', 'fairy tales', 'fantasy', 'fiction', 'folklore', 'great britain', 'historical fiction', 'history', 'humor', 'juvenile', 'language', 'legends', 'life', 'love stories', 'medicine', 'music', 'mystery', 'north america', 'other', 'periodicals', 'philosophy', 'poetry', 'politics', 'religion', 'romance', 'science', 'science fiction', 'sex', 'short stories', 'social', 'translation', 'travel', 'united states', 'war', 'western']
Predicting kmeans...
[b'detective stories' b'essay' b'church' b'detective stories'
 b'detective stories' b'animal' b'collection' b'animal' b'crime' b'crime'
 b'crime' b'periodicals' b'periodicals' b'periodicals' b'crime' b'social'
 b'crime' b'bible' b'essay' b'church' b'drama' b'animal' b'periodicals'
 b'essay' b'periodicals' b'ethics' b'crime' b'detective stories' b'crime'
 b'bible' b'crime' b'education' b'social' b'church' b'animal'
 b'detective stories' b'animal' b'crime' b'church' b'periodicals'
 b'church' b'crime' b'crime' b'animal' b'periodicals' b'drama'
 b'education' b'animal' b'philosophy' b'art' b'art' b'animal' b'social'
 b'periodicals' b'church' b'animal' b'animal' b'cooking' b'western'
 b'crime' b'crime' b'art' b'art' b'drama' b'drama' b'detective stories'
 b'drama' b'western' b'periodicals' b'medicine' b'animal' b'animal'
 b'periodicals' b'bible' b'bible' b'western' b'drama' b'essay' b'art'
 b'western' b'periodicals' b'ethics' b'detective stories' b'periodicals'
 b'education' b'essay' b'medicine' b'drama' b'essay' b'drama' b'drama'] [['fiction', 'juvenile', 'life'], ['fiction', 'england'], ['politics', 'united states'], ['fiction', 'juvenile'], ['fiction'], ['fiction', 'history', 'war'], ['periodicals', 'church'], ['fiction', 'animal'], ['other'], ['poetry'], ['mystery'], ['other'], ['history', 'united states', 'war'], ['detective stories', 'fiction', 'juvenile', 'mystery', 'united states'], ['detective stories', 'fiction', 'juvenile', 'mystery'], ['other'], ['detective stories', 'fiction', 'juvenile', 'mystery'], ['art', 'great britain', 'history'], ['other'], ['england', 'travel'], ['other'], ['war'], ['periodicals', 'united states'], ['fiction', 'great britain'], ['juvenile', 'history', 'life', 'social'], ['other'], ['other'], ['fiction', 'love stories'], ['fiction', 'juvenile', 'life', 'travel'], ['life', 'social'], ['translation', 'fiction'], ['other'], ['church', 'social'], ['politics'], ['poetry'], ['fiction'], ['life', 'north america', 'social'], ['drama', 'translation', 'life', 'social'], ['fiction', 'mystery'], ['bible'], ['history'], ['essay', 'translation'], ['biography'], ['other'], ['short stories', 'fairy tales'], ['drama', 'translation'], ['other'], ['other'], ['biography', 'history'], ['other'], ['other'], ['other'], ['life'], ['poetry', 'humor'], ['other'], ['other'], ['drama'], ['fiction', 'life'], ['short stories'], ['fiction'], ['travel'], ['collection', 'essay', 'history', 'music'], ['social'], ['fiction', 'historical fiction', 'juvenile', 'great britain', 'history', 'life'], ['drama'], ['war'], ['juvenile'], ['fiction', 'life'], ['fiction', 'life', 'social', 'united states'], ['other'], ['other'], ['church', 'england'], ['poetry', 'translation'], ['war'], ['social'], ['other'], ['drama', 'history', 'war'], ['other'], ['other'], ['other'], ['music'], ['ethics', 'sex'], ['fiction'], ['travel'], ['history'], ['poetry', 'fiction', 'juvenile', 'children', 'life'], ['united states'], ['drama', 'history', 'war'], ['fiction'], ['fiction', 'juvenile', 'life'], ['animal']]
TP/#documents: 0.08791208791208792
Accuracy: 0.9494928148774303 ; Precision: 0.08791208791208792 ; Recall: 0.04878048780487805
