Length of wordList: 148817
Possible labels - KNN: ['other']
Possible labels - KNN: ['animal', 'art', 'bible', 'biography', 'children', 'christianity', 'church', 'collection', 'cooking', 'correspondence', 'crime', 'detective stories', 'drama', 'education', 'encyclopedia', 'england', 'essay', 'ethics', 'fairy tales', 'fantasy', 'fiction', 'folklore', 'great britain', 'historical fiction', 'history', 'humor', 'juvenile', 'language', 'legends', 'life', 'love stories', 'medicine', 'music', 'mystery', 'north america', 'other', 'periodicals', 'philosophy', 'poetry', 'politics', 'religion', 'romance', 'science', 'science fiction', 'sex', 'short stories', 'social', 'translation', 'travel', 'united states', 'war', 'western']
Possible labels - KNN: ['animal', 'art', 'bible', 'biography', 'children', 'christianity', 'church', 'collection', 'cooking', 'correspondence', 'crime', 'detective stories', 'drama', 'education', 'encyclopedia', 'england', 'essay', 'ethics', 'fairy tales', 'fantasy', 'fiction', 'folklore', 'great britain', 'historical fiction', 'history', 'humor', 'juvenile', 'language', 'legends', 'life', 'love stories', 'medicine', 'music', 'mystery', 'north america', 'other', 'periodicals', 'philosophy', 'poetry', 'politics', 'religion', 'romance', 'science', 'science fiction', 'sex', 'short stories', 'social', 'translation', 'travel', 'united states', 'war', 'western']
Possible labels - KNN: ['animal', 'art', 'bible', 'biography', 'children', 'christianity', 'church', 'collection', 'cooking', 'correspondence', 'crime', 'detective stories', 'drama', 'education', 'encyclopedia', 'england', 'essay', 'ethics', 'fairy tales', 'fantasy', 'fiction', 'folklore', 'great britain', 'historical fiction', 'history', 'humor', 'juvenile', 'language', 'legends', 'life', 'love stories', 'medicine', 'music', 'mystery', 'north america', 'other', 'periodicals', 'philosophy', 'poetry', 'politics', 'religion', 'romance', 'science', 'science fiction', 'sex', 'short stories', 'social', 'translation', 'travel', 'united states', 'war', 'western']
[[b'united states']
 [b'fiction']
 [b'united states']
 [b'fiction']
 [b'mystery']
 [b'united states']
 [b'collection']
 [b'history']
 [b'juvenile']
 [b'fairy tales']
 [b'united states']
 [b'poetry']
 [b'humor']
 [b'history']
 [b'mystery']
 [b'science']
 [b'mystery']
 [b'sex']
 [b'children']
 [b'travel']
 [b'poetry']
 [b'travel']
 [b'humor']
 [b'mystery']
 [b'social']
 [b'religion']
 [b'translation']
 [b'mystery']
 [b'folklore']
 [b'history']
 [b'fiction']
 [b'history']
 [b'war']
 [b'united states']
 [b'travel']
 [b'crime']
 [b'travel']
 [b'translation']
 [b'history']
 [b'bible']
 [b'history']
 [b'history']
 [b'travel']
 [b'history']
 [b'short stories']
 [b'translation']
 [b'history']
 [b'folklore']
 [b'essay']
 [b'science']
 [b'science']
 [b'history']
 [b'juvenile']
 [b'collection']
 [b'war']
 [b'sex']
 [b'philosophy']
 [b'folklore']
 [b'mystery']
 [b'mystery']
 [b'fiction']
 [b'religion']
 [b'social']
 [b'fairy tales']
 [b'great britain']
 [b'war']
 [b'animal']
 [b'fiction']
 [b'travel']
 [b'history']
 [b'sex']
 [b'history']
 [b'poetry']
 [b'history']
 [b'united states']
 [b'fiction']
 [b'drama']
 [b'mystery']
 [b'sex']
 [b'mystery']
 [b'social']
 [b'ethics']
 [b'fiction']
 [b'war']
 [b'united states']
 [b'folklore']
 [b'sex']
 [b'drama']
 [b'fiction']
 [b'fiction']
 [b'animal']] [['fiction', 'juvenile', 'life'], ['fiction', 'england'], ['politics', 'united states'], ['fiction', 'juvenile'], ['fiction'], ['fiction', 'history', 'war'], ['periodicals', 'church'], ['fiction', 'animal'], ['other'], ['poetry'], ['mystery'], ['other'], ['history', 'united states', 'war'], ['detective stories', 'fiction', 'juvenile', 'mystery', 'united states'], ['detective stories', 'fiction', 'juvenile', 'mystery'], ['other'], ['detective stories', 'fiction', 'juvenile', 'mystery'], ['art', 'great britain', 'history'], ['other'], ['england', 'travel'], ['other'], ['war'], ['periodicals', 'united states'], ['fiction', 'great britain'], ['juvenile', 'history', 'life', 'social'], ['other'], ['other'], ['fiction', 'love stories'], ['fiction', 'juvenile', 'life', 'travel'], ['life', 'social'], ['translation', 'fiction'], ['other'], ['church', 'social'], ['politics'], ['poetry'], ['fiction'], ['life', 'north america', 'social'], ['drama', 'translation', 'life', 'social'], ['fiction', 'mystery'], ['bible'], ['history'], ['essay', 'translation'], ['biography'], ['other'], ['short stories', 'fairy tales'], ['drama', 'translation'], ['other'], ['other'], ['biography', 'history'], ['other'], ['other'], ['other'], ['life'], ['poetry', 'humor'], ['other'], ['other'], ['drama'], ['fiction', 'life'], ['short stories'], ['fiction'], ['travel'], ['collection', 'essay', 'history', 'music'], ['social'], ['fiction', 'historical fiction', 'juvenile', 'great britain', 'history', 'life'], ['drama'], ['war'], ['juvenile'], ['fiction', 'life'], ['fiction', 'life', 'social', 'united states'], ['other'], ['other'], ['church', 'england'], ['poetry', 'translation'], ['war'], ['social'], ['other'], ['drama', 'history', 'war'], ['other'], ['other'], ['other'], ['music'], ['ethics', 'sex'], ['fiction'], ['travel'], ['history'], ['poetry', 'fiction', 'juvenile', 'children', 'life'], ['united states'], ['drama', 'history', 'war'], ['fiction'], ['fiction', 'juvenile', 'life'], ['animal']]
TP/#documents: 0.26373626373626374
Accuracy: 0.9562552831783601 ; Precision: 0.26373626373626374 ; Recall: 0.14634146341463414
