Length of wordList: 148817
Possible labels - KNN: ['other']
Possible labels - KNN: ['animal', 'art', 'bible', 'biography', 'children', 'christianity', 'church', 'collection', 'cooking', 'correspondence', 'crime', 'detective stories', 'drama', 'education', 'encyclopedia', 'england', 'essay', 'ethics', 'fairy tales', 'fantasy', 'fiction', 'folklore', 'great britain', 'historical fiction', 'history', 'humor', 'juvenile', 'language', 'legends', 'life', 'love stories', 'medicine', 'music', 'mystery', 'north america', 'other', 'periodicals', 'philosophy', 'poetry', 'politics', 'religion', 'romance', 'science', 'science fiction', 'sex', 'short stories', 'social', 'translation', 'travel', 'united states', 'war', 'western']
Possible labels - KNN: ['animal', 'art', 'bible', 'biography', 'children', 'christianity', 'church', 'collection', 'cooking', 'correspondence', 'crime', 'detective stories', 'drama', 'education', 'encyclopedia', 'england', 'essay', 'ethics', 'fairy tales', 'fantasy', 'fiction', 'folklore', 'great britain', 'historical fiction', 'history', 'humor', 'juvenile', 'language', 'legends', 'life', 'love stories', 'medicine', 'music', 'mystery', 'north america', 'other', 'periodicals', 'philosophy', 'poetry', 'politics', 'religion', 'romance', 'science', 'science fiction', 'sex', 'short stories', 'social', 'translation', 'travel', 'united states', 'war', 'western']
Possible labels - KNN: ['animal', 'art', 'bible', 'biography', 'children', 'christianity', 'church', 'collection', 'cooking', 'correspondence', 'crime', 'detective stories', 'drama', 'education', 'encyclopedia', 'england', 'essay', 'ethics', 'fairy tales', 'fantasy', 'fiction', 'folklore', 'great britain', 'historical fiction', 'history', 'humor', 'juvenile', 'language', 'legends', 'life', 'love stories', 'medicine', 'music', 'mystery', 'north america', 'other', 'periodicals', 'philosophy', 'poetry', 'politics', 'religion', 'romance', 'science', 'science fiction', 'sex', 'short stories', 'social', 'translation', 'travel', 'united states', 'war', 'western']
[[b'fairy tales']
 [b'mystery']
 [b'united states']
 [b'fiction']
 [b'mystery']
 [b'united states']
 [b'poetry']
 [b'mystery']
 [b'mystery']
 [b'fiction']
 [b'social']
 [b'poetry']
 [b'mystery']
 [b'war']
 [b'fiction']
 [b'science']
 [b'fiction']
 [b'united states']
 [b'life']
 [b'travel']
 [b'fiction']
 [b'fiction']
 [b'fiction']
 [b'fiction']
 [b'life']
 [b'philosophy']
 [b'life']
 [b'fiction']
 [b'folklore']
 [b'life']
 [b'mystery']
 [b'art']
 [b'war']
 [b'social']
 [b'poetry']
 [b'mystery']
 [b'folklore']
 [b'mystery']
 [b'mystery']
 [b'bible']
 [b'history']
 [b'war']
 [b'crime']
 [b'united states']
 [b'fiction']
 [b'children']
 [b'science']
 [b'animal']
 [b'essay']
 [b'science']
 [b'science']
 [b'united states']
 [b'church']
 [b'poetry']
 [b'war']
 [b'other']
 [b'translation']
 [b'juvenile']
 [b'mystery']
 [b'mystery']
 [b'mystery']
 [b'philosophy']
 [b'social']
 [b'fairy tales']
 [b'drama']
 [b'war']
 [b'fiction']
 [b'fiction']
 [b'short stories']
 [b'travel']
 [b'art']
 [b'england']
 [b'poetry']
 [b'war']
 [b'united states']
 [b'fiction']
 [b'drama']
 [b'fiction']
 [b'great britain']
 [b'short stories']
 [b'music']
 [b'ethics']
 [b'fiction']
 [b'biography']
 [b'politics']
 [b'children']
 [b'travel']
 [b'drama']
 [b'essay']
 [b'fiction']
 [b'animal']] [['fiction', 'juvenile', 'life'], ['fiction', 'england'], ['politics', 'united states'], ['fiction', 'juvenile'], ['fiction'], ['fiction', 'history', 'war'], ['periodicals', 'church'], ['fiction', 'animal'], ['other'], ['poetry'], ['mystery'], ['other'], ['history', 'united states', 'war'], ['detective stories', 'fiction', 'juvenile', 'mystery', 'united states'], ['detective stories', 'fiction', 'juvenile', 'mystery'], ['other'], ['detective stories', 'fiction', 'juvenile', 'mystery'], ['art', 'great britain', 'history'], ['other'], ['england', 'travel'], ['other'], ['war'], ['periodicals', 'united states'], ['fiction', 'great britain'], ['juvenile', 'history', 'life', 'social'], ['other'], ['other'], ['fiction', 'love stories'], ['fiction', 'juvenile', 'life', 'travel'], ['life', 'social'], ['translation', 'fiction'], ['other'], ['church', 'social'], ['politics'], ['poetry'], ['fiction'], ['life', 'north america', 'social'], ['drama', 'translation', 'life', 'social'], ['fiction', 'mystery'], ['bible'], ['history'], ['essay', 'translation'], ['biography'], ['other'], ['short stories', 'fairy tales'], ['drama', 'translation'], ['other'], ['other'], ['biography', 'history'], ['other'], ['other'], ['other'], ['life'], ['poetry', 'humor'], ['other'], ['other'], ['drama'], ['fiction', 'life'], ['short stories'], ['fiction'], ['travel'], ['collection', 'essay', 'history', 'music'], ['social'], ['fiction', 'historical fiction', 'juvenile', 'great britain', 'history', 'life'], ['drama'], ['war'], ['juvenile'], ['fiction', 'life'], ['fiction', 'life', 'social', 'united states'], ['other'], ['other'], ['church', 'england'], ['poetry', 'translation'], ['war'], ['social'], ['other'], ['drama', 'history', 'war'], ['other'], ['other'], ['other'], ['music'], ['ethics', 'sex'], ['fiction'], ['travel'], ['history'], ['poetry', 'fiction', 'juvenile', 'children', 'life'], ['united states'], ['drama', 'history', 'war'], ['fiction'], ['fiction', 'juvenile', 'life'], ['animal']]
TP/#documents: 0.32967032967032966
Accuracy: 0.9587912087912088 ; Precision: 0.32967032967032966 ; Recall: 0.18292682926829268
