Length of wordList: 148817
Possible labels - KNN: ['other']
Possible labels - KNN: ['animal', 'art', 'bible', 'biography', 'children', 'christianity', 'church', 'collection', 'cooking', 'correspondence', 'crime', 'detective stories', 'drama', 'education', 'encyclopedia', 'england', 'essay', 'ethics', 'fairy tales', 'fantasy', 'fiction', 'folklore', 'great britain', 'historical fiction', 'history', 'humor', 'juvenile', 'language', 'legends', 'life', 'love stories', 'medicine', 'music', 'mystery', 'north america', 'other', 'periodicals', 'philosophy', 'poetry', 'politics', 'religion', 'romance', 'science', 'science fiction', 'sex', 'short stories', 'social', 'translation', 'travel', 'united states', 'war', 'western']
Possible labels - KNN: ['animal', 'art', 'bible', 'biography', 'children', 'christianity', 'church', 'collection', 'cooking', 'correspondence', 'crime', 'detective stories', 'drama', 'education', 'encyclopedia', 'england', 'essay', 'ethics', 'fairy tales', 'fantasy', 'fiction', 'folklore', 'great britain', 'historical fiction', 'history', 'humor', 'juvenile', 'language', 'legends', 'life', 'love stories', 'medicine', 'music', 'mystery', 'north america', 'other', 'periodicals', 'philosophy', 'poetry', 'politics', 'religion', 'romance', 'science', 'science fiction', 'sex', 'short stories', 'social', 'translation', 'travel', 'united states', 'war', 'western']
Possible labels - KNN: ['animal', 'art', 'bible', 'biography', 'children', 'christianity', 'church', 'collection', 'cooking', 'correspondence', 'crime', 'detective stories', 'drama', 'education', 'encyclopedia', 'england', 'essay', 'ethics', 'fairy tales', 'fantasy', 'fiction', 'folklore', 'great britain', 'historical fiction', 'history', 'humor', 'juvenile', 'language', 'legends', 'life', 'love stories', 'medicine', 'music', 'mystery', 'north america', 'other', 'periodicals', 'philosophy', 'poetry', 'politics', 'religion', 'romance', 'science', 'science fiction', 'sex', 'short stories', 'social', 'translation', 'travel', 'united states', 'war', 'western']
[[b'life']
 [b'fiction']
 [b'united states']
 [b'mystery']
 [b'life']
 [b'encyclopedia']
 [b'poetry']
 [b'western']
 [b'juvenile']
 [b'translation']
 [b'united states']
 [b'poetry']
 [b'mystery']
 [b'other']
 [b'juvenile']
 [b'science']
 [b'juvenile']
 [b'united states']
 [b'music']
 [b'england']
 [b'legends']
 [b'western']
 [b'life']
 [b'fiction']
 [b'juvenile']
 [b'science']
 [b'fiction']
 [b'juvenile']
 [b'western']
 [b'other']
 [b'mystery']
 [b'science']
 [b'politics']
 [b'philosophy']
 [b'poetry']
 [b'fiction']
 [b'north america']
 [b'life']
 [b'western']
 [b'bible']
 [b'united states']
 [b'life']
 [b'crime']
 [b'great britain']
 [b'western']
 [b'children']
 [b'science']
 [b'western']
 [b'fiction']
 [b'united states']
 [b'north america']
 [b'war']
 [b'life']
 [b'poetry']
 [b'science']
 [b'science']
 [b'drama']
 [b'children']
 [b'fiction']
 [b'mystery']
 [b'short stories']
 [b'music']
 [b'social']
 [b'life']
 [b'translation']
 [b'war']
 [b'children']
 [b'juvenile']
 [b'juvenile']
 [b'other']
 [b'north america']
 [b'england']
 [b'translation']
 [b'politics']
 [b'science']
 [b'united states']
 [b'drama']
 [b'crime']
 [b'philosophy']
 [b'fiction']
 [b'music']
 [b'sex']
 [b'western']
 [b'other']
 [b'politics']
 [b'united states']
 [b'united states']
 [b'drama']
 [b'fiction']
 [b'juvenile']
 [b'animal']] [['fiction', 'juvenile', 'life'], ['fiction', 'england'], ['politics', 'united states'], ['fiction', 'juvenile'], ['fiction'], ['fiction', 'history', 'war'], ['periodicals', 'church'], ['fiction', 'animal'], ['other'], ['poetry'], ['mystery'], ['other'], ['history', 'united states', 'war'], ['detective stories', 'fiction', 'juvenile', 'mystery', 'united states'], ['detective stories', 'fiction', 'juvenile', 'mystery'], ['other'], ['detective stories', 'fiction', 'juvenile', 'mystery'], ['art', 'great britain', 'history'], ['other'], ['england', 'travel'], ['other'], ['war'], ['periodicals', 'united states'], ['fiction', 'great britain'], ['juvenile', 'history', 'life', 'social'], ['other'], ['other'], ['fiction', 'love stories'], ['fiction', 'juvenile', 'life', 'travel'], ['life', 'social'], ['translation', 'fiction'], ['other'], ['church', 'social'], ['politics'], ['poetry'], ['fiction'], ['life', 'north america', 'social'], ['drama', 'translation', 'life', 'social'], ['fiction', 'mystery'], ['bible'], ['history'], ['essay', 'translation'], ['biography'], ['other'], ['short stories', 'fairy tales'], ['drama', 'translation'], ['other'], ['other'], ['biography', 'history'], ['other'], ['other'], ['other'], ['life'], ['poetry', 'humor'], ['other'], ['other'], ['drama'], ['fiction', 'life'], ['short stories'], ['fiction'], ['travel'], ['collection', 'essay', 'history', 'music'], ['social'], ['fiction', 'historical fiction', 'juvenile', 'great britain', 'history', 'life'], ['drama'], ['war'], ['juvenile'], ['fiction', 'life'], ['fiction', 'life', 'social', 'united states'], ['other'], ['other'], ['church', 'england'], ['poetry', 'translation'], ['war'], ['social'], ['other'], ['drama', 'history', 'war'], ['other'], ['other'], ['other'], ['music'], ['ethics', 'sex'], ['fiction'], ['travel'], ['history'], ['poetry', 'fiction', 'juvenile', 'children', 'life'], ['united states'], ['drama', 'history', 'war'], ['fiction'], ['fiction', 'juvenile', 'life'], ['animal']]
TP/#documents: 0.34065934065934067
Accuracy: 0.9592138630600169 ; Precision: 0.34065934065934067 ; Recall: 0.18902439024390244
