Length of wordList: 148817
Possible labels - KNN: ['other']
Possible labels - KNN: ['animal', 'art', 'bible', 'biography', 'children', 'christianity', 'church', 'collection', 'cooking', 'correspondence', 'crime', 'detective stories', 'drama', 'education', 'encyclopedia', 'england', 'essay', 'ethics', 'fairy tales', 'fantasy', 'fiction', 'folklore', 'great britain', 'historical fiction', 'history', 'humor', 'juvenile', 'language', 'legends', 'life', 'love stories', 'medicine', 'music', 'mystery', 'north america', 'other', 'periodicals', 'philosophy', 'poetry', 'politics', 'religion', 'romance', 'science', 'science fiction', 'sex', 'short stories', 'social', 'translation', 'travel', 'united states', 'war', 'western']
Possible labels - KNN: ['animal', 'art', 'bible', 'biography', 'children', 'christianity', 'church', 'collection', 'cooking', 'correspondence', 'crime', 'detective stories', 'drama', 'education', 'encyclopedia', 'england', 'essay', 'ethics', 'fairy tales', 'fantasy', 'fiction', 'folklore', 'great britain', 'historical fiction', 'history', 'humor', 'juvenile', 'language', 'legends', 'life', 'love stories', 'medicine', 'music', 'mystery', 'north america', 'other', 'periodicals', 'philosophy', 'poetry', 'politics', 'religion', 'romance', 'science', 'science fiction', 'sex', 'short stories', 'social', 'translation', 'travel', 'united states', 'war', 'western']
Possible labels - KNN: ['animal', 'art', 'bible', 'biography', 'children', 'christianity', 'church', 'collection', 'cooking', 'correspondence', 'crime', 'detective stories', 'drama', 'education', 'encyclopedia', 'england', 'essay', 'ethics', 'fairy tales', 'fantasy', 'fiction', 'folklore', 'great britain', 'historical fiction', 'history', 'humor', 'juvenile', 'language', 'legends', 'life', 'love stories', 'medicine', 'music', 'mystery', 'north america', 'other', 'periodicals', 'philosophy', 'poetry', 'politics', 'religion', 'romance', 'science', 'science fiction', 'sex', 'short stories', 'social', 'translation', 'travel', 'united states', 'war', 'western']
[[b'fairy tales']
 [b'fiction']
 [b'united states']
 [b'juvenile']
 [b'fiction']
 [b'legends']
 [b'poetry']
 [b'legends']
 [b'war']
 [b'united states']
 [b'mystery']
 [b'united states']
 [b'periodicals']
 [b'periodicals']
 [b'fiction']
 [b'religion']
 [b'fiction']
 [b'history']
 [b'life']
 [b'travel']
 [b'juvenile']
 [b'children']
 [b'humor']
 [b'fiction']
 [b'folklore']
 [b'philosophy']
 [b'united states']
 [b'fiction']
 [b'juvenile']
 [b'history']
 [b'biography']
 [b'great britain']
 [b'politics']
 [b'united states']
 [b'folklore']
 [b'crime']
 [b'north america']
 [b'life']
 [b'travel']
 [b'bible']
 [b'social']
 [b'great britain']
 [b'crime']
 [b'legends']
 [b'periodicals']
 [b'juvenile']
 [b'religion']
 [b'north america']
 [b'fiction']
 [b'north america']
 [b'north america']
 [b'united states']
 [b'children']
 [b'united states']
 [b'united states']
 [b'legends']
 [b'history']
 [b'juvenile']
 [b'mystery']
 [b'mystery']
 [b'juvenile']
 [b'music']
 [b'war']
 [b'children']
 [b'drama']
 [b'war']
 [b'juvenile']
 [b'humor']
 [b'folklore']
 [b'war']
 [b'legends']
 [b'england']
 [b'collection']
 [b'sex']
 [b'united states']
 [b'juvenile']
 [b'drama']
 [b'mystery']
 [b'history']
 [b'fairy tales']
 [b'art']
 [b'sex']
 [b'mystery']
 [b'periodicals']
 [b'great britain']
 [b'life']
 [b'north america']
 [b'drama']
 [b'fiction']
 [b'fiction']
 [b'animal']] [['fiction', 'juvenile', 'life'], ['fiction', 'england'], ['politics', 'united states'], ['fiction', 'juvenile'], ['fiction'], ['fiction', 'history', 'war'], ['periodicals', 'church'], ['fiction', 'animal'], ['other'], ['poetry'], ['mystery'], ['other'], ['history', 'united states', 'war'], ['detective stories', 'fiction', 'juvenile', 'mystery', 'united states'], ['detective stories', 'fiction', 'juvenile', 'mystery'], ['other'], ['detective stories', 'fiction', 'juvenile', 'mystery'], ['art', 'great britain', 'history'], ['other'], ['england', 'travel'], ['other'], ['war'], ['periodicals', 'united states'], ['fiction', 'great britain'], ['juvenile', 'history', 'life', 'social'], ['other'], ['other'], ['fiction', 'love stories'], ['fiction', 'juvenile', 'life', 'travel'], ['life', 'social'], ['translation', 'fiction'], ['other'], ['church', 'social'], ['politics'], ['poetry'], ['fiction'], ['life', 'north america', 'social'], ['drama', 'translation', 'life', 'social'], ['fiction', 'mystery'], ['bible'], ['history'], ['essay', 'translation'], ['biography'], ['other'], ['short stories', 'fairy tales'], ['drama', 'translation'], ['other'], ['other'], ['biography', 'history'], ['other'], ['other'], ['other'], ['life'], ['poetry', 'humor'], ['other'], ['other'], ['drama'], ['fiction', 'life'], ['short stories'], ['fiction'], ['travel'], ['collection', 'essay', 'history', 'music'], ['social'], ['fiction', 'historical fiction', 'juvenile', 'great britain', 'history', 'life'], ['drama'], ['war'], ['juvenile'], ['fiction', 'life'], ['fiction', 'life', 'social', 'united states'], ['other'], ['other'], ['church', 'england'], ['poetry', 'translation'], ['war'], ['social'], ['other'], ['drama', 'history', 'war'], ['other'], ['other'], ['other'], ['music'], ['ethics', 'sex'], ['fiction'], ['travel'], ['history'], ['poetry', 'fiction', 'juvenile', 'children', 'life'], ['united states'], ['drama', 'history', 'war'], ['fiction'], ['fiction', 'juvenile', 'life'], ['animal']]
TP/#documents: 0.2967032967032967
Accuracy: 0.9575232459847844 ; Precision: 0.2967032967032967 ; Recall: 0.16463414634146342
