Length of wordList: 148817
Possible labels - KNN: ['other']
Possible labels - KNN: ['animal', 'art', 'bible', 'biography', 'children', 'christianity', 'church', 'collection', 'cooking', 'correspondence', 'crime', 'detective stories', 'drama', 'education', 'encyclopedia', 'england', 'essay', 'ethics', 'fairy tales', 'fantasy', 'fiction', 'folklore', 'great britain', 'historical fiction', 'history', 'humor', 'juvenile', 'language', 'legends', 'life', 'love stories', 'medicine', 'music', 'mystery', 'north america', 'other', 'periodicals', 'philosophy', 'poetry', 'politics', 'religion', 'romance', 'science', 'science fiction', 'sex', 'short stories', 'social', 'translation', 'travel', 'united states', 'war', 'western']
Possible labels - KNN: ['animal', 'art', 'bible', 'biography', 'children', 'christianity', 'church', 'collection', 'cooking', 'correspondence', 'crime', 'detective stories', 'drama', 'education', 'encyclopedia', 'england', 'essay', 'ethics', 'fairy tales', 'fantasy', 'fiction', 'folklore', 'great britain', 'historical fiction', 'history', 'humor', 'juvenile', 'language', 'legends', 'life', 'love stories', 'medicine', 'music', 'mystery', 'north america', 'other', 'periodicals', 'philosophy', 'poetry', 'politics', 'religion', 'romance', 'science', 'science fiction', 'sex', 'short stories', 'social', 'translation', 'travel', 'united states', 'war', 'western']
Possible labels - KNN: ['animal', 'art', 'bible', 'biography', 'children', 'christianity', 'church', 'collection', 'cooking', 'correspondence', 'crime', 'detective stories', 'drama', 'education', 'encyclopedia', 'england', 'essay', 'ethics', 'fairy tales', 'fantasy', 'fiction', 'folklore', 'great britain', 'historical fiction', 'history', 'humor', 'juvenile', 'language', 'legends', 'life', 'love stories', 'medicine', 'music', 'mystery', 'north america', 'other', 'periodicals', 'philosophy', 'poetry', 'politics', 'religion', 'romance', 'science', 'science fiction', 'sex', 'short stories', 'social', 'translation', 'travel', 'united states', 'war', 'western']
[[b'legends']
 [b'mystery']
 [b'united states']
 [b'fiction']
 [b'fiction']
 [b'education']
 [b'poetry']
 [b'other']
 [b'juvenile']
 [b'legends']
 [b'language']
 [b'poetry']
 [b'war']
 [b'history']
 [b'mystery']
 [b'science']
 [b'mystery']
 [b'sex']
 [b'children']
 [b'travel']
 [b'poetry']
 [b'western']
 [b'humor']
 [b'mystery']
 [b'bible']
 [b'philosophy']
 [b'translation']
 [b'mystery']
 [b'western']
 [b'other']
 [b'united states']
 [b'science']
 [b'war']
 [b'united states']
 [b'united states']
 [b'mystery']
 [b'western']
 [b'translation']
 [b'mystery']
 [b'christianity']
 [b'history']
 [b'travel']
 [b'other']
 [b'other']
 [b'short stories']
 [b'war']
 [b'sex']
 [b'western']
 [b'short stories']
 [b'science']
 [b'science']
 [b'sex']
 [b'church']
 [b'poetry']
 [b'politics']
 [b'other']
 [b'history']
 [b'north america']
 [b'mystery']
 [b'mystery']
 [b'juvenile']
 [b'sex']
 [b'social']
 [b'fairy tales']
 [b'fairy tales']
 [b'war']
 [b'animal']
 [b'fiction']
 [b'travel']
 [b'science']
 [b'religion']
 [b'other']
 [b'sex']
 [b'other']
 [b'social']
 [b'united states']
 [b'history']
 [b'politics']
 [b'sex']
 [b'mystery']
 [b'music']
 [b'sex']
 [b'fiction']
 [b'war']
 [b'united states']
 [b'children']
 [b'united states']
 [b'history']
 [b'essay']
 [b'united states']
 [b'animal']] [['fiction', 'juvenile', 'life'], ['fiction', 'england'], ['politics', 'united states'], ['fiction', 'juvenile'], ['fiction'], ['fiction', 'history', 'war'], ['periodicals', 'church'], ['fiction', 'animal'], ['other'], ['poetry'], ['mystery'], ['other'], ['history', 'united states', 'war'], ['detective stories', 'fiction', 'juvenile', 'mystery', 'united states'], ['detective stories', 'fiction', 'juvenile', 'mystery'], ['other'], ['detective stories', 'fiction', 'juvenile', 'mystery'], ['art', 'great britain', 'history'], ['other'], ['england', 'travel'], ['other'], ['war'], ['periodicals', 'united states'], ['fiction', 'great britain'], ['juvenile', 'history', 'life', 'social'], ['other'], ['other'], ['fiction', 'love stories'], ['fiction', 'juvenile', 'life', 'travel'], ['life', 'social'], ['translation', 'fiction'], ['other'], ['church', 'social'], ['politics'], ['poetry'], ['fiction'], ['life', 'north america', 'social'], ['drama', 'translation', 'life', 'social'], ['fiction', 'mystery'], ['bible'], ['history'], ['essay', 'translation'], ['biography'], ['other'], ['short stories', 'fairy tales'], ['drama', 'translation'], ['other'], ['other'], ['biography', 'history'], ['other'], ['other'], ['other'], ['life'], ['poetry', 'humor'], ['other'], ['other'], ['drama'], ['fiction', 'life'], ['short stories'], ['fiction'], ['travel'], ['collection', 'essay', 'history', 'music'], ['social'], ['fiction', 'historical fiction', 'juvenile', 'great britain', 'history', 'life'], ['drama'], ['war'], ['juvenile'], ['fiction', 'life'], ['fiction', 'life', 'social', 'united states'], ['other'], ['other'], ['church', 'england'], ['poetry', 'translation'], ['war'], ['social'], ['other'], ['drama', 'history', 'war'], ['other'], ['other'], ['other'], ['music'], ['ethics', 'sex'], ['fiction'], ['travel'], ['history'], ['poetry', 'fiction', 'juvenile', 'children', 'life'], ['united states'], ['drama', 'history', 'war'], ['fiction'], ['fiction', 'juvenile', 'life'], ['animal']]
TP/#documents: 0.2857142857142857
Accuracy: 0.9571005917159763 ; Precision: 0.2857142857142857 ; Recall: 0.15853658536585366
