Length of wordList: 148817
Possible labels - KNN: ['other']
Possible labels - KNN: ['animal', 'art', 'bible', 'biography', 'children', 'christianity', 'church', 'collection', 'cooking', 'correspondence', 'crime', 'detective stories', 'drama', 'education', 'encyclopedia', 'england', 'essay', 'ethics', 'fairy tales', 'fantasy', 'fiction', 'folklore', 'great britain', 'historical fiction', 'history', 'humor', 'juvenile', 'language', 'legends', 'life', 'love stories', 'medicine', 'music', 'mystery', 'north america', 'other', 'periodicals', 'philosophy', 'poetry', 'politics', 'religion', 'romance', 'science', 'science fiction', 'sex', 'short stories', 'social', 'translation', 'travel', 'united states', 'war', 'western']
Possible labels - KNN: ['animal', 'art', 'bible', 'biography', 'children', 'christianity', 'church', 'collection', 'cooking', 'correspondence', 'crime', 'detective stories', 'drama', 'education', 'encyclopedia', 'england', 'essay', 'ethics', 'fairy tales', 'fantasy', 'fiction', 'folklore', 'great britain', 'historical fiction', 'history', 'humor', 'juvenile', 'language', 'legends', 'life', 'love stories', 'medicine', 'music', 'mystery', 'north america', 'other', 'periodicals', 'philosophy', 'poetry', 'politics', 'religion', 'romance', 'science', 'science fiction', 'sex', 'short stories', 'social', 'translation', 'travel', 'united states', 'war', 'western']
Possible labels - KNN: ['animal', 'art', 'bible', 'biography', 'children', 'christianity', 'church', 'collection', 'cooking', 'correspondence', 'crime', 'detective stories', 'drama', 'education', 'encyclopedia', 'england', 'essay', 'ethics', 'fairy tales', 'fantasy', 'fiction', 'folklore', 'great britain', 'historical fiction', 'history', 'humor', 'juvenile', 'language', 'legends', 'life', 'love stories', 'medicine', 'music', 'mystery', 'north america', 'other', 'periodicals', 'philosophy', 'poetry', 'politics', 'religion', 'romance', 'science', 'science fiction', 'sex', 'short stories', 'social', 'translation', 'travel', 'united states', 'war', 'western']
[[b'short stories']
 [b'mystery']
 [b'united states']
 [b'fiction']
 [b'fiction']
 [b'education']
 [b'poetry']
 [b'mystery']
 [b'short stories']
 [b'fiction']
 [b'juvenile']
 [b'poetry']
 [b'mystery']
 [b'war']
 [b'juvenile']
 [b'science']
 [b'fiction']
 [b'history']
 [b'life']
 [b'travel']
 [b'poetry']
 [b'fiction']
 [b'children']
 [b'travel']
 [b'united states']
 [b'christianity']
 [b'united states']
 [b'juvenile']
 [b'juvenile']
 [b'history']
 [b'mystery']
 [b'history']
 [b'christianity']
 [b'united states']
 [b'poetry']
 [b'crime']
 [b'north america']
 [b'mystery']
 [b'mystery']
 [b'science']
 [b'history']
 [b'war']
 [b'crime']
 [b'great britain']
 [b'fiction']
 [b'children']
 [b'science']
 [b'animal']
 [b'war']
 [b'music']
 [b'science']
 [b'politics']
 [b'bible']
 [b'poetry']
 [b'war']
 [b'science']
 [b'translation']
 [b'fairy tales']
 [b'western']
 [b'mystery']
 [b'fiction']
 [b'philosophy']
 [b'social']
 [b'fairy tales']
 [b'drama']
 [b'war']
 [b'juvenile']
 [b'fiction']
 [b'short stories']
 [b'science']
 [b'great britain']
 [b'england']
 [b'poetry']
 [b'war']
 [b'politics']
 [b'travel']
 [b'history']
 [b'mystery']
 [b'philosophy']
 [b'short stories']
 [b'music']
 [b'ethics']
 [b'fiction']
 [b'united states']
 [b'united states']
 [b'united states']
 [b'united states']
 [b'history']
 [b'essay']
 [b'fiction']
 [b'animal']] [['fiction', 'juvenile', 'life'], ['fiction', 'england'], ['politics', 'united states'], ['fiction', 'juvenile'], ['fiction'], ['fiction', 'history', 'war'], ['periodicals', 'church'], ['fiction', 'animal'], ['other'], ['poetry'], ['mystery'], ['other'], ['history', 'united states', 'war'], ['detective stories', 'fiction', 'juvenile', 'mystery', 'united states'], ['detective stories', 'fiction', 'juvenile', 'mystery'], ['other'], ['detective stories', 'fiction', 'juvenile', 'mystery'], ['art', 'great britain', 'history'], ['other'], ['england', 'travel'], ['other'], ['war'], ['periodicals', 'united states'], ['fiction', 'great britain'], ['juvenile', 'history', 'life', 'social'], ['other'], ['other'], ['fiction', 'love stories'], ['fiction', 'juvenile', 'life', 'travel'], ['life', 'social'], ['translation', 'fiction'], ['other'], ['church', 'social'], ['politics'], ['poetry'], ['fiction'], ['life', 'north america', 'social'], ['drama', 'translation', 'life', 'social'], ['fiction', 'mystery'], ['bible'], ['history'], ['essay', 'translation'], ['biography'], ['other'], ['short stories', 'fairy tales'], ['drama', 'translation'], ['other'], ['other'], ['biography', 'history'], ['other'], ['other'], ['other'], ['life'], ['poetry', 'humor'], ['other'], ['other'], ['drama'], ['fiction', 'life'], ['short stories'], ['fiction'], ['travel'], ['collection', 'essay', 'history', 'music'], ['social'], ['fiction', 'historical fiction', 'juvenile', 'great britain', 'history', 'life'], ['drama'], ['war'], ['juvenile'], ['fiction', 'life'], ['fiction', 'life', 'social', 'united states'], ['other'], ['other'], ['church', 'england'], ['poetry', 'translation'], ['war'], ['social'], ['other'], ['drama', 'history', 'war'], ['other'], ['other'], ['other'], ['music'], ['ethics', 'sex'], ['fiction'], ['travel'], ['history'], ['poetry', 'fiction', 'juvenile', 'children', 'life'], ['united states'], ['drama', 'history', 'war'], ['fiction'], ['fiction', 'juvenile', 'life'], ['animal']]
TP/#documents: 0.31868131868131866
Accuracy: 0.9583685545224007 ; Precision: 0.31868131868131866 ; Recall: 0.17682926829268292
