Length of wordList: 148817
Possible labels - KNN: ['other']
Possible labels - KNN: ['animal', 'art', 'bible', 'biography', 'children', 'christianity', 'church', 'collection', 'cooking', 'correspondence', 'crime', 'detective stories', 'drama', 'education', 'encyclopedia', 'england', 'essay', 'ethics', 'fairy tales', 'fantasy', 'fiction', 'folklore', 'great britain', 'historical fiction', 'history', 'humor', 'juvenile', 'language', 'legends', 'life', 'love stories', 'medicine', 'music', 'mystery', 'north america', 'other', 'periodicals', 'philosophy', 'poetry', 'politics', 'religion', 'romance', 'science', 'science fiction', 'sex', 'short stories', 'social', 'translation', 'travel', 'united states', 'war', 'western']
Possible labels - KNN: ['animal', 'art', 'bible', 'biography', 'children', 'christianity', 'church', 'collection', 'cooking', 'correspondence', 'crime', 'detective stories', 'drama', 'education', 'encyclopedia', 'england', 'essay', 'ethics', 'fairy tales', 'fantasy', 'fiction', 'folklore', 'great britain', 'historical fiction', 'history', 'humor', 'juvenile', 'language', 'legends', 'life', 'love stories', 'medicine', 'music', 'mystery', 'north america', 'other', 'periodicals', 'philosophy', 'poetry', 'politics', 'religion', 'romance', 'science', 'science fiction', 'sex', 'short stories', 'social', 'translation', 'travel', 'united states', 'war', 'western']
Possible labels - KNN: ['animal', 'art', 'bible', 'biography', 'children', 'christianity', 'church', 'collection', 'cooking', 'correspondence', 'crime', 'detective stories', 'drama', 'education', 'encyclopedia', 'england', 'essay', 'ethics', 'fairy tales', 'fantasy', 'fiction', 'folklore', 'great britain', 'historical fiction', 'history', 'humor', 'juvenile', 'language', 'legends', 'life', 'love stories', 'medicine', 'music', 'mystery', 'north america', 'other', 'periodicals', 'philosophy', 'poetry', 'politics', 'religion', 'romance', 'science', 'science fiction', 'sex', 'short stories', 'social', 'translation', 'travel', 'united states', 'war', 'western']
[[b'children']
 [b'fiction']
 [b'politics']
 [b'fiction']
 [b'mystery']
 [b'encyclopedia']
 [b'poetry']
 [b'mystery']
 [b'juvenile']
 [b'fiction']
 [b'juvenile']
 [b'children']
 [b'mystery']
 [b'war']
 [b'fiction']
 [b'science']
 [b'mystery']
 [b'united states']
 [b'life']
 [b'north america']
 [b'juvenile']
 [b'mystery']
 [b'juvenile']
 [b'mystery']
 [b'juvenile']
 [b'ethics']
 [b'children']
 [b'mystery']
 [b'juvenile']
 [b'united states']
 [b'mystery']
 [b'north america']
 [b'politics']
 [b'politics']
 [b'collection']
 [b'fiction']
 [b'north america']
 [b'juvenile']
 [b'mystery']
 [b'bible']
 [b'united states']
 [b'philosophy']
 [b'crime']
 [b'united states']
 [b'mystery']
 [b'children']
 [b'north america']
 [b'children']
 [b'fiction']
 [b'north america']
 [b'north america']
 [b'united states']
 [b'life']
 [b'folklore']
 [b'united states']
 [b'sex']
 [b'fiction']
 [b'children']
 [b'fiction']
 [b'fiction']
 [b'juvenile']
 [b'philosophy']
 [b'social']
 [b'children']
 [b'juvenile']
 [b'fiction']
 [b'juvenile']
 [b'juvenile']
 [b'juvenile']
 [b'cooking']
 [b'north america']
 [b'england']
 [b'children']
 [b'united states']
 [b'united states']
 [b'juvenile']
 [b'drama']
 [b'mystery']
 [b'philosophy']
 [b'fiction']
 [b'music']
 [b'sex']
 [b'mystery']
 [b'united states']
 [b'united states']
 [b'fiction']
 [b'north america']
 [b'drama']
 [b'fiction']
 [b'juvenile']
 [b'folklore']] [['fiction', 'juvenile', 'life'], ['fiction', 'england'], ['politics', 'united states'], ['fiction', 'juvenile'], ['fiction'], ['fiction', 'history', 'war'], ['periodicals', 'church'], ['fiction', 'animal'], ['other'], ['poetry'], ['mystery'], ['other'], ['history', 'united states', 'war'], ['detective stories', 'fiction', 'juvenile', 'mystery', 'united states'], ['detective stories', 'fiction', 'juvenile', 'mystery'], ['other'], ['detective stories', 'fiction', 'juvenile', 'mystery'], ['art', 'great britain', 'history'], ['other'], ['england', 'travel'], ['other'], ['war'], ['periodicals', 'united states'], ['fiction', 'great britain'], ['juvenile', 'history', 'life', 'social'], ['other'], ['other'], ['fiction', 'love stories'], ['fiction', 'juvenile', 'life', 'travel'], ['life', 'social'], ['translation', 'fiction'], ['other'], ['church', 'social'], ['politics'], ['poetry'], ['fiction'], ['life', 'north america', 'social'], ['drama', 'translation', 'life', 'social'], ['fiction', 'mystery'], ['bible'], ['history'], ['essay', 'translation'], ['biography'], ['other'], ['short stories', 'fairy tales'], ['drama', 'translation'], ['other'], ['other'], ['biography', 'history'], ['other'], ['other'], ['other'], ['life'], ['poetry', 'humor'], ['other'], ['other'], ['drama'], ['fiction', 'life'], ['short stories'], ['fiction'], ['travel'], ['collection', 'essay', 'history', 'music'], ['social'], ['fiction', 'historical fiction', 'juvenile', 'great britain', 'history', 'life'], ['drama'], ['war'], ['juvenile'], ['fiction', 'life'], ['fiction', 'life', 'social', 'united states'], ['other'], ['other'], ['church', 'england'], ['poetry', 'translation'], ['war'], ['social'], ['other'], ['drama', 'history', 'war'], ['other'], ['other'], ['other'], ['music'], ['ethics', 'sex'], ['fiction'], ['travel'], ['history'], ['poetry', 'fiction', 'juvenile', 'children', 'life'], ['united states'], ['drama', 'history', 'war'], ['fiction'], ['fiction', 'juvenile', 'life'], ['animal']]
TP/#documents: 0.26373626373626374
Accuracy: 0.9562552831783601 ; Precision: 0.26373626373626374 ; Recall: 0.14634146341463414
