Length of wordList: 148817
Possible labels - KNN: ['other']
Possible labels - KNN: ['animal', 'art', 'bible', 'biography', 'children', 'christianity', 'church', 'collection', 'cooking', 'correspondence', 'crime', 'detective stories', 'drama', 'education', 'encyclopedia', 'england', 'essay', 'ethics', 'fairy tales', 'fantasy', 'fiction', 'folklore', 'great britain', 'historical fiction', 'history', 'humor', 'juvenile', 'language', 'legends', 'life', 'love stories', 'medicine', 'music', 'mystery', 'north america', 'other', 'periodicals', 'philosophy', 'poetry', 'politics', 'religion', 'romance', 'science', 'science fiction', 'sex', 'short stories', 'social', 'translation', 'travel', 'united states', 'war', 'western']
Possible labels - KNN: ['animal', 'art', 'bible', 'biography', 'children', 'christianity', 'church', 'collection', 'cooking', 'correspondence', 'crime', 'detective stories', 'drama', 'education', 'encyclopedia', 'england', 'essay', 'ethics', 'fairy tales', 'fantasy', 'fiction', 'folklore', 'great britain', 'historical fiction', 'history', 'humor', 'juvenile', 'language', 'legends', 'life', 'love stories', 'medicine', 'music', 'mystery', 'north america', 'other', 'periodicals', 'philosophy', 'poetry', 'politics', 'religion', 'romance', 'science', 'science fiction', 'sex', 'short stories', 'social', 'translation', 'travel', 'united states', 'war', 'western']
Possible labels - KNN: ['animal', 'art', 'bible', 'biography', 'children', 'christianity', 'church', 'collection', 'cooking', 'correspondence', 'crime', 'detective stories', 'drama', 'education', 'encyclopedia', 'england', 'essay', 'ethics', 'fairy tales', 'fantasy', 'fiction', 'folklore', 'great britain', 'historical fiction', 'history', 'humor', 'juvenile', 'language', 'legends', 'life', 'love stories', 'medicine', 'music', 'mystery', 'north america', 'other', 'periodicals', 'philosophy', 'poetry', 'politics', 'religion', 'romance', 'science', 'science fiction', 'sex', 'short stories', 'social', 'translation', 'travel', 'united states', 'war', 'western']
[[b'fairy tales']
 [b'mystery']
 [b'united states']
 [b'fiction']
 [b'mystery']
 [b'education']
 [b'poetry']
 [b'fiction']
 [b'mystery']
 [b'legends']
 [b'juvenile']
 [b'poetry']
 [b'mystery']
 [b'war']
 [b'mystery']
 [b'science']
 [b'mystery']
 [b'great britain']
 [b'life']
 [b'travel']
 [b'poetry']
 [b'juvenile']
 [b'juvenile']
 [b'other']
 [b'united states']
 [b'science']
 [b'united states']
 [b'juvenile']
 [b'mystery']
 [b'united states']
 [b'mystery']
 [b'history']
 [b'war']
 [b'social']
 [b'poetry']
 [b'short stories']
 [b'north america']
 [b'war']
 [b'mystery']
 [b'life']
 [b'juvenile']
 [b'science']
 [b'fiction']
 [b'correspondence']
 [b'juvenile']
 [b'children']
 [b'science']
 [b'western']
 [b'great britain']
 [b'juvenile']
 [b'science']
 [b'war']
 [b'life']
 [b'poetry']
 [b'war']
 [b'sex']
 [b'religion']
 [b'juvenile']
 [b'western']
 [b'mystery']
 [b'translation']
 [b'philosophy']
 [b'social']
 [b'fairy tales']
 [b'drama']
 [b'war']
 [b'folklore']
 [b'fiction']
 [b'united states']
 [b'life']
 [b'north america']
 [b'england']
 [b'poetry']
 [b'war']
 [b'united states']
 [b'short stories']
 [b'history']
 [b'mystery']
 [b'social']
 [b'short stories']
 [b'music']
 [b'sex']
 [b'mystery']
 [b'united states']
 [b'united states']
 [b'children']
 [b'united states']
 [b'history']
 [b'social']
 [b'fiction']
 [b'animal']] [['fiction', 'juvenile', 'life'], ['fiction', 'england'], ['politics', 'united states'], ['fiction', 'juvenile'], ['fiction'], ['fiction', 'history', 'war'], ['periodicals', 'church'], ['fiction', 'animal'], ['other'], ['poetry'], ['mystery'], ['other'], ['history', 'united states', 'war'], ['detective stories', 'fiction', 'juvenile', 'mystery', 'united states'], ['detective stories', 'fiction', 'juvenile', 'mystery'], ['other'], ['detective stories', 'fiction', 'juvenile', 'mystery'], ['art', 'great britain', 'history'], ['other'], ['england', 'travel'], ['other'], ['war'], ['periodicals', 'united states'], ['fiction', 'great britain'], ['juvenile', 'history', 'life', 'social'], ['other'], ['other'], ['fiction', 'love stories'], ['fiction', 'juvenile', 'life', 'travel'], ['life', 'social'], ['translation', 'fiction'], ['other'], ['church', 'social'], ['politics'], ['poetry'], ['fiction'], ['life', 'north america', 'social'], ['drama', 'translation', 'life', 'social'], ['fiction', 'mystery'], ['bible'], ['history'], ['essay', 'translation'], ['biography'], ['other'], ['short stories', 'fairy tales'], ['drama', 'translation'], ['other'], ['other'], ['biography', 'history'], ['other'], ['other'], ['other'], ['life'], ['poetry', 'humor'], ['other'], ['other'], ['drama'], ['fiction', 'life'], ['short stories'], ['fiction'], ['travel'], ['collection', 'essay', 'history', 'music'], ['social'], ['fiction', 'historical fiction', 'juvenile', 'great britain', 'history', 'life'], ['drama'], ['war'], ['juvenile'], ['fiction', 'life'], ['fiction', 'life', 'social', 'united states'], ['other'], ['other'], ['church', 'england'], ['poetry', 'translation'], ['war'], ['social'], ['other'], ['drama', 'history', 'war'], ['other'], ['other'], ['other'], ['music'], ['ethics', 'sex'], ['fiction'], ['travel'], ['history'], ['poetry', 'fiction', 'juvenile', 'children', 'life'], ['united states'], ['drama', 'history', 'war'], ['fiction'], ['fiction', 'juvenile', 'life'], ['animal']]
TP/#documents: 0.3076923076923077
Accuracy: 0.9579459002535926 ; Precision: 0.3076923076923077 ; Recall: 0.17073170731707318
